<?xml version="1.0" encoding="UTF-8"?>
<testsuite name="brainfuck.BrainfuckCompilerTest" tests="2" skipped="0" failures="0" errors="0" timestamp="2021-03-15T04:13:23" hostname="DESKTOP-NIT3KI7" time="0.027">
  <properties/>
  <testcase name="compileWithoutBracketsShouldReturnHelloWorld()" classname="brainfuck.BrainfuckCompilerTest" time="0.025"/>
  <testcase name="compileWithBracketsShouldReturnHelloWorld()" classname="brainfuck.BrainfuckCompilerTest" time="0.001"/>
  <system-out><![CDATA[]]></system-out>
  <system-err><![CDATA[]]></system-err>
</testsuite>
